<?xml version="1.0" encoding="UTF-8"?>
<!-- Generated by org.testng.reporters.JUnitReportReporter -->
<testsuite hostname="DESKTOP-MFEMF1B" name="com.qa.Flipkart.ActivitiesTest.ItemsNameTest" tests="1" failures="0" timestamp="9 May 2020 12:02:14 GMT" time="13.773" errors="0">
  <testcase name="verifyProductsNameTest" time="13.773" classname="com.qa.Flipkart.ActivitiesTest.ItemsNameTest"/>
</testsuite> <!-- com.qa.Flipkart.ActivitiesTest.ItemsNameTest -->
