<?xml version="1.0" encoding="UTF-8"?>
<!-- Generated by org.testng.reporters.JUnitReportReporter -->
<testsuite hostname="DESKTOP-RVTGE37" name="com.qa.Flipkart.ActivitiesTest.AutoSuggestValueTest" tests="1" failures="0" timestamp="16 Jan 2020 22:51:25 GMT" time="9.021" errors="0">
  <testcase name="verifyAutoSuggestValueTest" time="9.021" classname="com.qa.Flipkart.ActivitiesTest.AutoSuggestValueTest"/>
</testsuite> <!-- com.qa.Flipkart.ActivitiesTest.AutoSuggestValueTest -->
