<?xml version="1.0" encoding="UTF-8"?>
<!-- Generated by org.testng.reporters.JUnitReportReporter -->
<testsuite hostname="DESKTOP-RVTGE37" name="com.qa.Flipkart.ActivitiesTest.AutoSuggestValuesTest" tests="1" failures="0" timestamp="16 Jan 2020 16:36:10 GMT" time="0.816" errors="0">
  <testcase name="verifyAutoSuggestValueTest" time="0.816" classname="com.qa.Flipkart.ActivitiesTest.AutoSuggestValuesTest"/>
</testsuite> <!-- com.qa.Flipkart.ActivitiesTest.AutoSuggestValuesTest -->
