<?xml version="1.0" encoding="UTF-8"?>
<!-- Generated by org.testng.reporters.JUnitReportReporter -->
<testsuite hostname="DESKTOP-MFEMF1B" name="com.qa.parallelTest.CityDegreeCheck.ParallelTest" tests="12" failures="0" timestamp="6 Jun 2020 09:33:47 GMT" time="257.160" errors="0">
  <testcase name="verifyCityName" time="17.526" classname="com.qa.parallelTest.CityDegreeCheck.ParallelTest"/>
  <testcase name="verifyCityName" time="27.597" classname="com.qa.parallelTest.CityDegreeCheck.ParallelTest"/>
  <testcase name="verifyCityName" time="23.178" classname="com.qa.parallelTest.CityDegreeCheck.ParallelTest"/>
  <testcase name="verifyCityName" time="22.022" classname="com.qa.parallelTest.CityDegreeCheck.ParallelTest"/>
  <testcase name="verifyCityName" time="18.764" classname="com.qa.parallelTest.CityDegreeCheck.ParallelTest"/>
  <testcase name="verifyCityName" time="26.386" classname="com.qa.parallelTest.CityDegreeCheck.ParallelTest"/>
  <testcase name="verifyCityName" time="24.007" classname="com.qa.parallelTest.CityDegreeCheck.ParallelTest"/>
  <testcase name="verifyCityName" time="25.061" classname="com.qa.parallelTest.CityDegreeCheck.ParallelTest"/>
  <testcase name="verifyCityName" time="19.058" classname="com.qa.parallelTest.CityDegreeCheck.ParallelTest"/>
  <testcase name="verifyCityName" time="17.192" classname="com.qa.parallelTest.CityDegreeCheck.ParallelTest"/>
  <testcase name="verifyCityName" time="16.380" classname="com.qa.parallelTest.CityDegreeCheck.ParallelTest"/>
  <testcase name="verifyCityName" time="19.989" classname="com.qa.parallelTest.CityDegreeCheck.ParallelTest"/>
</testsuite> <!-- com.qa.parallelTest.CityDegreeCheck.ParallelTest -->
