<?xml version="1.0" encoding="UTF-8"?>
<!-- Generated by org.testng.reporters.JUnitReportReporter -->
<testsuite hostname="DESKTOP-MFEMF1B" name="com.qa.Flipkart.ActivitiesTest.AutoSuggestValueTest" tests="1" failures="0" timestamp="10 May 2020 07:47:25 GMT" time="8.196" errors="0">
  <testcase name="verifyAutoSuggestValueTest" time="8.196" classname="com.qa.Flipkart.ActivitiesTest.AutoSuggestValueTest"/>
</testsuite> <!-- com.qa.Flipkart.ActivitiesTest.AutoSuggestValueTest -->
