<?xml version="1.0" encoding="UTF-8"?>
<!-- Generated by org.testng.reporters.JUnitReportReporter -->
<testsuite hostname="DESKTOP-MFEMF1B" name="com.qa.parallelTest.CityDegreeCheck.ParallelTest" tests="12" failures="0" timestamp="22 Jun 2020 13:52:33 GMT" time="276.785" errors="0">
  <testcase name="verifyCityName" time="23.562" classname="com.qa.parallelTest.CityDegreeCheck.ParallelTest"/>
  <testcase name="verifyCityName" time="28.589" classname="com.qa.parallelTest.CityDegreeCheck.ParallelTest"/>
  <testcase name="verifyCityName" time="19.188" classname="com.qa.parallelTest.CityDegreeCheck.ParallelTest"/>
  <testcase name="verifyCityName" time="20.833" classname="com.qa.parallelTest.CityDegreeCheck.ParallelTest"/>
  <testcase name="verifyCityName" time="27.470" classname="com.qa.parallelTest.CityDegreeCheck.ParallelTest"/>
  <testcase name="verifyCityName" time="21.252" classname="com.qa.parallelTest.CityDegreeCheck.ParallelTest"/>
  <testcase name="verifyCityName" time="26.846" classname="com.qa.parallelTest.CityDegreeCheck.ParallelTest"/>
  <testcase name="verifyCityName" time="18.806" classname="com.qa.parallelTest.CityDegreeCheck.ParallelTest"/>
  <testcase name="verifyCityName" time="21.261" classname="com.qa.parallelTest.CityDegreeCheck.ParallelTest"/>
  <testcase name="verifyCityName" time="22.608" classname="com.qa.parallelTest.CityDegreeCheck.ParallelTest"/>
  <testcase name="verifyCityName" time="27.023" classname="com.qa.parallelTest.CityDegreeCheck.ParallelTest"/>
  <testcase name="verifyCityName" time="19.347" classname="com.qa.parallelTest.CityDegreeCheck.ParallelTest"/>
</testsuite> <!-- com.qa.parallelTest.CityDegreeCheck.ParallelTest -->
