<?xml version="1.0" encoding="UTF-8"?>
<!-- Generated by org.testng.reporters.JUnitReportReporter -->
<testsuite hostname="DESKTOP-MFEMF1B" name="com.qa.Flipkart.ActivitiesTest.ItemsNameTest" tests="1" failures="0" timestamp="17 May 2020 10:04:20 GMT" time="18.268" errors="0">
  <testcase name="verifyProductsNameTest" time="18.268" classname="com.qa.Flipkart.ActivitiesTest.ItemsNameTest"/>
</testsuite> <!-- com.qa.Flipkart.ActivitiesTest.ItemsNameTest -->
